<?xml version="1.0" encoding="UTF-8"?>
<!-- Generated by org.testng.reporters.JUnitXMLReporter -->
<testsuite ignored="0" hostname="NDI-LAP-295" failures="0" tests="4" name="orangeHRM" time="34.09" errors="0" timestamp="31 Mar 2023 06:34:29 GMT">
  <testcase classname="com.education.runners.LoginPageValidation" name="loginTest__01" time="0.564"/>
  <testcase classname="com.education.runners.LoginPageValidation" name="logTestPageElementValidation__02" time="0.992"/>
  <testcase classname="com.education.runners.LoginPageValidation" name="bookFreeDemoTitleValidation__03" time="4.81"/>
  <testcase classname="com.education.runners.LoginPageValidation" name="bookFreeDemoElementValidation__04" time="0.52"/>
</testsuite> <!-- orangeHRM -->
