<?xml version="1.0" encoding="UTF-8"?>
<testng-results ignored="0" total="4" passed="4" failed="0" skipped="0">
  <reporter-output>
    <line>
      <![CDATA[ASSERTION PASSED: element PlatformElement is displayed.]]>
    </line>
    <line>
      <![CDATA[ASSERTION PASSED: element WhyOrangeHRMElement is displayed.]]>
    </line>
    <line>
      <![CDATA[ASSERTION PASSED: element ResourcesElement is displayed.]]>
    </line>
    <line>
      <![CDATA[ASSERTION PASSED: element CompanyElement is displayed.]]>
    </line>
    <line>
      <![CDATA[ASSERTION PASSED: element bookFreeDemoElement is displayed.]]>
    </line>
    <line>
      <![CDATA[ASSERTION PASSED: element contactSalesElement is displayed.]]>
    </line>
    <line>
      <![CDATA[ASSERTION PASSED: element tryItFreeElement is displayed.]]>
    </line>
    <line>
      <![CDATA[ASSERTION PASSED: element PeopleManagementElement is displayed.]]>
    </line>
    <line>
      <![CDATA[ASSERTION PASSED: element cultureElement is displayed.]]>
    </line>
    <line>
      <![CDATA[ASSERTION PASSED: element talentManagementElement is displayed.]]>
    </line>
    <line>
      <![CDATA[ASSERTION PASSED: element yourFullName is displayed.]]>
    </line>
    <line>
      <![CDATA[ASSERTION PASSED: element businessEmail is displayed.]]>
    </line>
    <line>
      <![CDATA[ASSERTION PASSED: element Country is displayed.]]>
    </line>
    <line>
      <![CDATA[ASSERTION PASSED: element phoneNumber is displayed.]]>
    </line>
    <line>
      <![CDATA[ASSERTION PASSED: element submitButton is displayed.]]>
    </line>
  </reporter-output>
  <suite started-at="2023-03-31T06:36:59Z" name="orange01" finished-at="2023-03-31T06:37:31Z" duration-ms="31669">
    <groups>
    </groups>
    <test started-at="2023-03-31T06:36:59Z" name="orangeHRM" finished-at="2023-03-31T06:37:31Z" duration-ms="31669">
      <class name="com.education.runners.LoginPageValidation">
        <test-method is-config="true" signature="setup()[pri:0, instance:com.education.runners.LoginPageValidation@6c64cb25]" started-at="2023-03-31T12:06:59Z" name="setup" finished-at="2023-03-31T12:07:09Z" duration-ms="9511" status="PASS">
          <reporter-output>
          </reporter-output>
        </test-method> <!-- setup -->
        <test-method signature="loginTest__01()[pri:1, instance:com.education.runners.LoginPageValidation@6c64cb25]" started-at="2023-03-31T12:07:09Z" name="loginTest__01" finished-at="2023-03-31T12:07:09Z" duration-ms="596" status="PASS">
          <reporter-output>
          </reporter-output>
        </test-method> <!-- loginTest__01 -->
        <test-method signature="logTestPageElementValidation__02()[pri:2, instance:com.education.runners.LoginPageValidation@6c64cb25]" started-at="2023-03-31T12:07:09Z" name="logTestPageElementValidation__02" finished-at="2023-03-31T12:07:10Z" duration-ms="1087" status="PASS">
          <reporter-output>
            <line>
              <![CDATA[ASSERTION PASSED: element PlatformElement is displayed.]]>
            </line>
            <line>
              <![CDATA[ASSERTION PASSED: element WhyOrangeHRMElement is displayed.]]>
            </line>
            <line>
              <![CDATA[ASSERTION PASSED: element ResourcesElement is displayed.]]>
            </line>
            <line>
              <![CDATA[ASSERTION PASSED: element CompanyElement is displayed.]]>
            </line>
            <line>
              <![CDATA[ASSERTION PASSED: element bookFreeDemoElement is displayed.]]>
            </line>
            <line>
              <![CDATA[ASSERTION PASSED: element contactSalesElement is displayed.]]>
            </line>
            <line>
              <![CDATA[ASSERTION PASSED: element tryItFreeElement is displayed.]]>
            </line>
            <line>
              <![CDATA[ASSERTION PASSED: element PeopleManagementElement is displayed.]]>
            </line>
            <line>
              <![CDATA[ASSERTION PASSED: element cultureElement is displayed.]]>
            </line>
            <line>
              <![CDATA[ASSERTION PASSED: element talentManagementElement is displayed.]]>
            </line>
          </reporter-output>
        </test-method> <!-- logTestPageElementValidation__02 -->
        <test-method signature="bookFreeDemoTitleValidation__03()[pri:3, instance:com.education.runners.LoginPageValidation@6c64cb25]" started-at="2023-03-31T12:07:10Z" name="bookFreeDemoTitleValidation__03" finished-at="2023-03-31T12:07:14Z" duration-ms="3482" status="PASS">
          <reporter-output>
          </reporter-output>
        </test-method> <!-- bookFreeDemoTitleValidation__03 -->
        <test-method signature="bookFreeDemoElementValidation__04()[pri:4, instance:com.education.runners.LoginPageValidation@6c64cb25]" started-at="2023-03-31T12:07:14Z" name="bookFreeDemoElementValidation__04" finished-at="2023-03-31T12:07:14Z" duration-ms="566" status="PASS">
          <reporter-output>
            <line>
              <![CDATA[ASSERTION PASSED: element yourFullName is displayed.]]>
            </line>
            <line>
              <![CDATA[ASSERTION PASSED: element businessEmail is displayed.]]>
            </line>
            <line>
              <![CDATA[ASSERTION PASSED: element Country is displayed.]]>
            </line>
            <line>
              <![CDATA[ASSERTION PASSED: element phoneNumber is displayed.]]>
            </line>
            <line>
              <![CDATA[ASSERTION PASSED: element submitButton is displayed.]]>
            </line>
          </reporter-output>
        </test-method> <!-- bookFreeDemoElementValidation__04 -->
        <test-method is-config="true" signature="tearDown()[pri:0, instance:com.education.runners.LoginPageValidation@6c64cb25]" started-at="2023-03-31T12:07:14Z" name="tearDown" finished-at="2023-03-31T12:07:31Z" duration-ms="16298" status="PASS">
          <reporter-output>
          </reporter-output>
        </test-method> <!-- tearDown -->
      </class> <!-- com.education.runners.LoginPageValidation -->
    </test> <!-- orangeHRM -->
  </suite> <!-- orange01 -->
</testng-results>
